        -:    0:Source:include/edges.h
        -:    0:Programs:99
        -:    1:#ifndef EDGES_H
        -:    2:#define EDGES_H
        -:    3:
        -:    4:#include <vector>
        -:    5:
       77:    6:class Edges {
        -:    7:private:
        -:    8:  std::vector<std::pair<int,std::pair<int, int> > > v;
        -:    9:public:
        -:   10:  int get_size();
        -:   11:  const std::pair<int,std::pair<int,int> >& operator [](int idx);
        -:   12:  void sort();
        -:   13:  void insert(int begin, int end, int weight);
        -:   14:  void insert(int begin, int end);
        -:   15:};
        -:   16:
        -:   17:bool compare_edges(std::pair<int,std::pair<int, int> > p1, std::pair<int,std::pair<int, int> > p2);
        -:   18:
        -:   19:#endif
