        -:    0:Source:src/edges.cpp
        -:    0:Programs:8
        -:    1:#include "edges.h"
        -:    2:#include <stdexcept>
        -:    3:#include <algorithm>
        -:    4:
      218:    5:int Edges::get_size(){
     1618:    6:  return (int)v.size();
        -:    7:}
        -:    8:
      591:    9:const std::pair<int,std::pair<int,int> >& Edges::operator [](int idx){
      591:   10:  if( idx >= get_size() || idx < 0 ){
        2:   11:    throw std::range_error("Indice invalido");
        -:   12:  }
     1178:   13:  return v[idx];
        -:   14:}
        -:   15:
      161:   16:void Edges::insert(int begin, int end, int weight){
      161:   17:  if( begin > 1000 || end > 1000 || begin <= 0 || end <= 0 ){
        2:   18:    throw std::overflow_error("Aresta invalida");
        -:   19:  }
      636:   20:  v.push_back(std::make_pair(begin, std::make_pair(end, weight)));
      159:   21:}
        -:   22:
       96:   23:void Edges::insert(int begin, int end){
       96:   24:  insert(begin, end, 1);
       96:   25:}
        -:   26:
        2:   27:void Edges::sort(){
        8:   28:  std::sort(v.begin(), v.end(), compare_edges);
        2:   29:}
        -:   30:
       21:   31:bool compare_edges(std::pair<int,std::pair<int, int> > p1, std::pair<int,std::pair<int, int> > p2){
       21:   32:  return p1.second.second < p2.second.second;
        -:   33:}
